<?xml version="1.0" encoding="UTF-8"?>
<!-- Generated by org.testng.reporters.JUnitXMLReporter -->
<testsuite ignored="1" hostname="DESKTOP-V1LVTDJ" failures="0" tests="1" name="Default test" time="81.382" errors="0" timestamp="2023-06-27T09:28:09 IST">
  <testcase classname="AdaniGroup.appium.AppiumBasicTest" name="loginWithValidCredentials" time="37.791"/>
  <testcase classname="AdaniGroup.appium.AppiumBasicTest" name="startAndroidStudioAndEmulator" time="0.0">
    <ignored/>
  </testcase> <!-- startAndroidStudioAndEmulator -->
</testsuite> <!-- Default test -->
