<?xml version="1.0" encoding="UTF-8"?>
<!-- Generated by org.testng.reporters.JUnitXMLReporter -->
<testsuite ignored="1" hostname="DESKTOP-V1LVTDJ" failures="0" tests="1" name="Test" time="20.439" errors="0" timestamp="2023-06-23T15:13:16 IST">
  <testcase classname="AdaniGroup.appium.AppiumBasicTest" name="@BeforeTest startTest" time="20.301">
    <failure type="io.appium.java_client.service.local.AppiumServerHasNotBeenStartedLocallyException" message="[The local appium server has not been started, Reason: Timed out waiting for [http://127.0.0.1:4723/status] to be available after 20008 ms, Consider increasing the server startup timeout value (currently 20000ms), Node.js executable path: C:\Program Files\nodejs\node.exe, Arguments: [C:\Users\User\AppData\Roaming\npm\node_modules\appium\build\lib\main.js, --port, 4723, --address, 127.0.0.1], Output: [35m[Appium][39m Welcome to Appium v2.0.0-rc.3
[35m[Appium][39m Non-default server args:
[35m[Appium][39m { address: [32m&amp;apos;127.0.0.1&amp;apos;[39m }
[35m[Appium][39m Attempting to load driver uiautomator2...
[debug] [35m[Appium][39m Requiring driver at C:\Users\User\.appium\node_modules\appium-uiautomator2-driver
[35m[Appium][39m Appium REST http interface listener started on http://127.0.0.1:4723
[35m[Appium][39m Available drivers:
[35m[Appium][39m   - uiautomator2@2.27.0 (automationName &amp;apos;UiAutomator2&amp;apos;)
[35m[Appium][39m No plugins have been installed. Use the &amp;quot;appium plugin&amp;quot; command to install the one(s) you want to use.
]">
      <![CDATA[io.appium.java_client.service.local.AppiumServerHasNotBeenStartedLocallyException: [The local appium server has not been started, Reason: Timed out waiting for [http://127.0.0.1:4723/status] to be available after 20008 ms, Consider increasing the server startup timeout value (currently 20000ms), Node.js executable path: C:\Program Files\nodejs\node.exe, Arguments: [C:\Users\User\AppData\Roaming\npm\node_modules\appium\build\lib\main.js, --port, 4723, --address, 127.0.0.1], Output: [35m[Appium][39m Welcome to Appium v2.0.0-rc.3
[35m[Appium][39m Non-default server args:
[35m[Appium][39m { address: [32m'127.0.0.1'[39m }
[35m[Appium][39m Attempting to load driver uiautomator2...
[debug] [35m[Appium][39m Requiring driver at C:\Users\User\.appium\node_modules\appium-uiautomator2-driver
[35m[Appium][39m Appium REST http interface listener started on http://127.0.0.1:4723
[35m[Appium][39m Available drivers:
[35m[Appium][39m   - uiautomator2@2.27.0 (automationName 'UiAutomator2')
[35m[Appium][39m No plugins have been installed. Use the "appium plugin" command to install the one(s) you want to use.
]
at io.appium.java_client.service.local.AppiumDriverLocalService.start(AppiumDriverLocalService.java:202)
at AdaniGroup.appium.AppiumBasicTest.startTest(AppiumBasicTest.java:73)
Caused by: org.openqa.selenium.net.UrlChecker$TimeoutException: Timed out waiting for [http://127.0.0.1:4723/status] to be available after 20008 ms
at org.openqa.selenium.net.UrlChecker.waitUntilAvailable(UrlChecker.java:94)
at io.appium.java_client.service.local.AppiumDriverLocalService.ping(AppiumDriverLocalService.java:157)
at io.appium.java_client.service.local.AppiumDriverLocalService.start(AppiumDriverLocalService.java:181)
... 25 more
Caused by: java.util.concurrent.TimeoutException
at java.base/java.util.concurrent.FutureTask.get(FutureTask.java:204)
at org.openqa.selenium.net.UrlChecker.waitUntilAvailable(UrlChecker.java:91)
... 27 more
... Removed 24 stack frames]]>
    </failure>
  </testcase> <!-- @BeforeTest startTest -->
  <testcase classname="AdaniGroup.appium.AppiumBasicTest" name="@AfterTest tearDown" time="0.0">
    <skipped/>
  </testcase> <!-- @AfterTest tearDown -->
  <testcase classname="AdaniGroup.appium.AppiumBasicTest" name="AccessTest" time="0.0">
    <skipped/>
  </testcase> <!-- AccessTest -->
  <testcase classname="AdaniGroup.appium.AppiumBasicTest" name="startAndroidStudioAndEmulator" time="0.0">
    <ignored/>
  </testcase> <!-- startAndroidStudioAndEmulator -->
</testsuite> <!-- Test -->
