<?xml version="1.0" encoding="UTF-8"?>
<testng-results ignored="0" total="1" passed="1" failed="0" skipped="0">
  <reporter-output>
  </reporter-output>
  <suite started-at="2023-06-27T09:26:48 IST" name="Default suite" finished-at="2023-06-27T09:28:09 IST" duration-ms="81382">
    <groups>
    </groups>
    <test started-at="2023-06-27T09:26:48 IST" name="Default test" finished-at="2023-06-27T09:28:09 IST" duration-ms="81382">
      <class name="AdaniGroup.appium.AppiumBasicTest">
        <test-method is-config="true" signature="startTest()[pri:0, instance:AdaniGroup.appium.AppiumBasicTest@58cbafc2]" started-at="2023-06-27T09:26:48 IST" name="startTest" finished-at="2023-06-27T09:27:30 IST" duration-ms="42492" status="PASS">
          <reporter-output>
          </reporter-output>
        </test-method> <!-- startTest -->
        <test-method signature="loginWithValidCredentials()[pri:0, instance:AdaniGroup.appium.AppiumBasicTest@58cbafc2]" started-at="2023-06-27T09:27:31 IST" name="loginWithValidCredentials" finished-at="2023-06-27T09:28:08 IST" duration-ms="37791" status="PASS">
          <reporter-output>
          </reporter-output>
        </test-method> <!-- loginWithValidCredentials -->
        <test-method is-config="true" signature="tearDown()[pri:0, instance:AdaniGroup.appium.AppiumBasicTest@58cbafc2]" started-at="2023-06-27T09:28:08 IST" name="tearDown" finished-at="2023-06-27T09:28:09 IST" duration-ms="988" status="PASS">
          <reporter-output>
          </reporter-output>
        </test-method> <!-- tearDown -->
      </class> <!-- AdaniGroup.appium.AppiumBasicTest -->
    </test> <!-- Default test -->
  </suite> <!-- Default suite -->
</testng-results>
